[debug] [2021-11-15T12:07:07.466Z] ----------------------------------------------------------------------
[debug] [2021-11-15T12:07:07.468Z] Command:       /Users/BobocEduard/.nvm/versions/node/v12.16.1/bin/node /Users/BobocEduard/.nvm/versions/node/v12.16.1/bin/firebase init
[debug] [2021-11-15T12:07:07.468Z] CLI Version:   9.19.0
[debug] [2021-11-15T12:07:07.468Z] Platform:      darwin
[debug] [2021-11-15T12:07:07.468Z] Node Version:  v12.16.1
[debug] [2021-11-15T12:07:07.469Z] Time:          Mon Nov 15 2021 14:07:07 GMT+0200 (Eastern European Standard Time)
[debug] [2021-11-15T12:07:07.469Z] ----------------------------------------------------------------------
[debug] 
[debug] [2021-11-15T12:07:07.470Z] >>> [apiv2][query] GET https://firebase-public.firebaseio.com/cli.json [none]
[debug] [2021-11-15T12:07:07.516Z] > command requires scopes: ["email","openid","https://www.googleapis.com/auth/cloudplatformprojects.readonly","https://www.googleapis.com/auth/firebase","https://www.googleapis.com/auth/cloud-platform"]
[debug] [2021-11-15T12:07:07.517Z] > authorizing via signed-in user (boboc38eduard@gmail.com)
[info] 
     ######## #### ########  ######## ########     ###     ######  ########
     ##        ##  ##     ## ##       ##     ##  ##   ##  ##       ##
     ######    ##  ########  ######   ########  #########  ######  ######
     ##        ##  ##    ##  ##       ##     ## ##     ##       ## ##
     ##       #### ##     ## ######## ########  ##     ##  ######  ########

You're about to initialize a Firebase project in this directory:

  /Users/BobocEduard/Personal Stuffs/Projects/bookmania

Before we get started, keep in mind:

  * You are initializing within an existing Firebase project directory

[debug] [2021-11-15T12:07:07.963Z] <<< [apiv2][status] GET https://firebase-public.firebaseio.com/cli.json 200
[debug] [2021-11-15T12:07:07.964Z] <<< [apiv2][body] GET https://firebase-public.firebaseio.com/cli.json {"cloudBuildErrorAfter":1594252800000,"cloudBuildWarnAfter":1590019200000,"defaultNode10After":1594252800000,"minVersion":"3.0.5","node8DeploysDisabledAfter":1613390400000,"node8RuntimeDisabledAfter":1615809600000,"node8WarnAfter":1600128000000}
